TN:
SF:src/modules/transaction/application/hooks/useTransactionsQuery.ts
FN:10,(anonymous_0)
FN:10,_temp
FNF:2
FNH:0
FNDA:0,(anonymous_0)
FNDA:0,_temp
DA:10,0
DA:11,0
DA:12,0
DA:13,0
LF:4
LH:0
BRDA:10,0,0,0
BRDA:10,0,1,0
BRDA:21,1,0,0
BRDA:21,1,1,0
BRDA:21,1,2,0
BRDA:21,1,3,0
BRF:6
BRH:0
end_of_record
TN:
SF:src/modules/transaction/data/transactionRepositoryImpl.ts
FN:5,(anonymous_0)
FN:7,(anonymous_1)
FNF:2
FNH:0
FNDA:0,(anonymous_0)
FNDA:0,(anonymous_1)
DA:5,0
DA:6,0
DA:8,0
DA:9,0
DA:10,0
LF:5
LH:0
BRF:0
BRH:0
end_of_record
TN:
SF:src/modules/transaction/data/api/transactionApi.ts
FN:3,(anonymous_0)
FNF:1
FNH:0
FNDA:0,(anonymous_0)
DA:3,0
DA:4,0
DA:5,0
LF:3
LH:0
BRF:0
BRH:0
end_of_record
TN:
SF:src/modules/transaction/data/api/transactionDto.ts
FNF:0
FNH:0
LF:0
LH:0
BRF:0
BRH:0
end_of_record
TN:
SF:src/modules/transaction/data/api/transactionMapper.ts
FN:5,(anonymous_0)
FN:8,(anonymous_1)
FNF:2
FNH:0
FNDA:0,(anonymous_0)
FNDA:0,(anonymous_1)
DA:5,0
DA:8,0
DA:9,0
LF:3
LH:0
BRF:0
BRH:0
end_of_record
TN:
SF:src/modules/transaction/domain/transactionRepository.ts
FNF:0
FNH:0
LF:0
LH:0
BRF:0
BRH:0
end_of_record
TN:
SF:src/modules/transaction/domain/entities/transaction.ts
FN:20,(anonymous_0)
FNF:1
FNH:0
FNDA:0,(anonymous_0)
DA:3,0
DA:20,0
DA:21,0
LF:3
LH:0
BRF:0
BRH:0
end_of_record
TN:
SF:src/modules/transaction/presentation/TransactionDetail.tsx
FN:10,(anonymous_0)
FNF:1
FNH:1
FNDA:3,(anonymous_0)
DA:10,1
DA:16,3
DA:25,3
DA:26,3
DA:29,3
DA:39,3
DA:40,3
DA:42,3
DA:46,3
DA:47,3
DA:48,3
DA:52,3
DA:53,3
DA:54,3
DA:55,3
DA:56,3
DA:58,3
DA:63,3
DA:64,3
DA:70,3
DA:71,3
DA:73,3
DA:78,3
DA:79,3
DA:80,3
DA:82,3
DA:86,3
DA:87,3
LF:28
LH:28
BRF:0
BRH:0
end_of_record
TN:
SF:src/modules/transaction/presentation/TransactionList/TransactionListFilter.tsx
FN:38,(anonymous_0)
FNF:1
FNH:1
FNDA:4,(anonymous_0)
DA:8,1
DA:38,1
DA:45,4
DA:46,4
DA:48,4
DA:49,4
LF:6
LH:6
BRDA:60,0,0,4
BRDA:60,0,1,16
BRF:2
BRH:2
end_of_record
TN:
SF:src/modules/transaction/presentation/TransactionList/TransactionListHeader.tsx
FN:14,(anonymous_0)
FNF:1
FNH:1
FNDA:3,(anonymous_0)
DA:14,1
DA:20,3
DA:26,3
DA:30,3
DA:31,3
DA:34,3
LF:6
LH:6
BRF:0
BRH:0
end_of_record
TN:
SF:src/modules/transaction/presentation/TransactionList/TransactionListItem.tsx
FN:13,(anonymous_0)
FN:51,(anonymous_1)
FN:64,(anonymous_2)
FNF:3
FNH:3
FNDA:4,(anonymous_0)
FNDA:4,(anonymous_1)
FNDA:4,(anonymous_2)
DA:13,1
DA:16,4
DA:18,4
DA:25,4
DA:26,4
DA:27,4
DA:29,4
DA:31,4
DA:35,4
DA:36,4
DA:37,4
DA:38,4
DA:39,4
DA:43,4
DA:51,1
DA:55,4
DA:56,4
DA:57,4
DA:64,1
DA:67,1
DA:74,3
LF:21
LH:21
BRDA:52,0,0,3
BRDA:52,0,1,1
BRF:2
BRH:2
end_of_record
TN:
SF:src/modules/transaction/presentation/TransactionList/TransactionListPage.tsx
FN:20,(anonymous_0)
FN:27,(anonymous_1)
FN:27,_temp
FN:27,_temp2
FNF:4
FNH:0
FNDA:0,(anonymous_0)
FNDA:0,(anonymous_1)
FNDA:0,_temp
FNDA:0,_temp2
DA:14,0
DA:20,0
DA:27,0
DA:28,0
DA:36,0
DA:38,0
DA:51,0
DA:56,0
DA:60,0
DA:65,0
DA:66,0
DA:68,0
DA:70,0
DA:72,0
DA:82,0
DA:89,0
LF:16
LH:0
BRDA:36,0,0,0
BRDA:36,0,1,0
BRDA:76,1,0,0
BRDA:76,1,1,0
BRDA:82,2,0,0
BRDA:82,2,1,0
BRF:6
BRH:0
end_of_record
TN:
SF:src/modules/transaction/presentation/TransactionList/TranscationListItemLoading.tsx
FN:11,(anonymous_0)
FNF:1
FNH:1
FNDA:1,(anonymous_0)
DA:5,1
DA:11,1
DA:13,1
DA:14,1
DA:15,1
DA:16,1
DA:17,1
LF:7
LH:7
BRF:0
BRH:0
end_of_record
TN:
SF:src/routes/_layout.tsx
FN:8,RootLayout
FNF:1
FNH:0
FNDA:0,RootLayout
DA:6,0
DA:10,0
DA:12,0
DA:18,0
LF:4
LH:0
BRF:0
BRH:0
end_of_record
TN:
SF:src/routes/index.tsx
FN:6,(anonymous_0)
FNF:1
FNH:0
FNDA:0,(anonymous_0)
DA:6,0
DA:8,0
LF:2
LH:0
BRF:0
BRH:0
end_of_record
TN:
SF:src/routes/transaction/[id].tsx
FN:3,(anonymous_0)
FNF:1
FNH:0
FNDA:0,(anonymous_0)
DA:3,0
DA:4,0
LF:2
LH:0
BRF:0
BRH:0
end_of_record
TN:
SF:src/shared/utils.ts
FN:5,(anonymous_0)
FN:10,(anonymous_1)
FN:22,(anonymous_2)
FN:42,(anonymous_3)
FN:50,(anonymous_4)
FN:52,(anonymous_5)
FN:53,(anonymous_6)
FN:57,(anonymous_7)
FN:64,(anonymous_8)
FN:66,(anonymous_9)
FNF:10
FNH:10
FNDA:40,(anonymous_0)
FNDA:9,(anonymous_1)
FNDA:3,(anonymous_2)
FNDA:9,(anonymous_3)
FNDA:1,(anonymous_4)
FNDA:3,(anonymous_5)
FNDA:3,(anonymous_6)
FNDA:1,(anonymous_7)
FNDA:1,(anonymous_8)
FNDA:4,(anonymous_9)
DA:5,7
DA:6,40
DA:10,7
DA:12,9
DA:22,7
DA:23,3
DA:25,3
DA:26,0
DA:29,3
DA:31,3
DA:32,21
DA:33,6
DA:35,15
DA:39,3
DA:42,7
DA:43,9
DA:50,7
DA:52,1
DA:53,3
DA:54,3
DA:55,2
DA:57,3
DA:58,1
DA:64,7
DA:65,1
DA:66,1
DA:67,4
DA:68,2
DA:69,2
LF:29
LH:28
BRDA:25,0,0,0
BRDA:25,0,1,3
BRDA:32,1,0,6
BRDA:32,1,1,15
BRDA:54,2,0,2
BRDA:54,2,1,1
BRDA:67,3,0,2
BRDA:67,3,1,2
BRDA:67,4,0,4
BRDA:67,4,1,3
BRF:10
BRH:9
end_of_record
TN:
SF:src/shared/components/Backdrop.tsx
FN:13,(anonymous_0)
FNF:1
FNH:1
FNDA:6,(anonymous_0)
DA:13,6
DA:15,6
DA:16,6
DA:19,6
DA:22,6
LF:5
LH:5
BRDA:22,0,0,6
BRDA:22,0,1,0
BRF:2
BRH:1
end_of_record
TN:
SF:src/shared/components/Input.tsx
FN:54,(anonymous_1)
FNF:1
FNH:1
FNDA:5,(anonymous_1)
DA:15,2
DA:16,6
DA:19,10
DA:20,10
DA:26,6
DA:29,6
DA:33,6
DA:38,6
DA:45,2
DA:54,2
DA:55,3
DA:58,5
DA:59,5
DA:65,3
DA:68,3
DA:72,3
DA:77,3
DA:84,2
LF:18
LH:18
BRDA:23,0,0,10
BRDA:23,0,1,2
BRDA:76,1,0,5
BRDA:76,1,1,5
BRDA:62,2,0,5
BRDA:62,2,1,1
BRF:6
BRH:6
end_of_record
TN:
SF:src/shared/constants/testIds.ts
FNF:0
FNH:0
DA:1,4
LF:1
LH:1
BRF:0
BRH:0
end_of_record
